2023-11-05 14:45:15,207 [Worker-2: Loading available Gradle versions] INFO  o.e.b.c.i.u.g.PublishedGradleVersions - Gradle version information cache is out-of-date. Trying to update.
2023-11-07 14:58:38,616 [Worker-5: Loading available Gradle versions] INFO  o.e.b.c.i.u.g.PublishedGradleVersions - Gradle version information cache is out-of-date. Trying to update.
2023-11-07 15:36:20,036 [Worker-1: Loading available Gradle versions] INFO  o.e.b.c.i.u.g.PublishedGradleVersions - Gradle version information cache is up-to-date. Trying to read.
2023-11-07 17:07:10,308 [Worker-5: Loading available Gradle versions] INFO  o.e.b.c.i.u.g.PublishedGradleVersions - Gradle version information cache is up-to-date. Trying to read.
2023-11-07 17:26:57,629 [Worker-21: Building] INFO  o.e.m.c.i.l.LifecycleMappingFactory - Using org.eclipse.m2e.jdt.JarLifecycleMapping lifecycle mapping for MavenProject: org.kaunghtetaung:springaop:0.0.1-SNAPSHOT @ F:\learning_workspace\git_test\springaop_proj\pom.xml.
2023-11-07 17:26:57,836 [Worker-21: Building] WARN  o.e.m.c.i.embedder.EclipseLogger - The artifact aspectj:aspectjrt:jar:1.5.4 has been relocated to org.aspectj:aspectjrt:jar:1.5.4
2023-11-07 17:26:59,260 [Worker-21: Building] INFO  o.e.m.c.i.embedder.EclipseLogger - Using 'UTF-8' encoding to copy filtered resources.
2023-11-07 17:26:59,260 [Worker-21: Building] INFO  o.e.m.c.i.embedder.EclipseLogger - skip non existing resourceDirectory F:\learning_workspace\git_test\springaop_proj\src\main\resources
2023-11-07 17:26:59,265 [Worker-21: Building] INFO  o.e.m.c.i.embedder.EclipseLogger - Using 'UTF-8' encoding to copy filtered resources.
2023-11-07 17:26:59,265 [Worker-21: Building] INFO  o.e.m.c.i.embedder.EclipseLogger - skip non existing resourceDirectory F:\learning_workspace\git_test\springaop_proj\src\test\resources
2023-11-07 17:32:28,021 [Worker-23: Building] INFO  o.e.m.c.i.embedder.EclipseLogger - Using 'UTF-8' encoding to copy filtered resources.
2023-11-07 17:32:28,021 [Worker-23: Building] INFO  o.e.m.c.i.embedder.EclipseLogger - skip non existing resourceDirectory F:\learning_workspace\git_test\springaop_proj\src\main\resources
2023-11-07 17:32:28,023 [Worker-23: Building] INFO  o.e.m.c.i.embedder.EclipseLogger - Using 'UTF-8' encoding to copy filtered resources.
2023-11-07 17:32:28,023 [Worker-23: Building] INFO  o.e.m.c.i.embedder.EclipseLogger - skip non existing resourceDirectory F:\learning_workspace\git_test\springaop_proj\src\test\resources
2023-11-07 18:00:27,465 [Worker-1: Loading available Gradle versions] INFO  o.e.b.c.i.u.g.PublishedGradleVersions - Gradle version information cache is up-to-date. Trying to read.
2023-11-13 13:43:54,059 [Worker-1: Loading available Gradle versions] INFO  o.e.b.c.i.u.g.PublishedGradleVersions - Gradle version information cache is out-of-date. Trying to update.
2023-11-13 13:43:54,378 [Worker-1: Loading available Gradle versions] INFO  o.e.b.c.i.u.g.PublishedGradleVersions - Updating Gradle version information cache failed. Using outdated cache.
2023-11-13 15:15:53,756 [Worker-2: Loading available Gradle versions] INFO  o.e.b.c.i.u.g.PublishedGradleVersions - Gradle version information cache is out-of-date. Trying to update.
2023-11-13 15:40:01,734 [Worker-26: reload maven project] WARN  o.e.m.c.i.embedder.EclipseLogger - The artifact aspectj:aspectjrt:jar:1.5.4 has been relocated to org.aspectj:aspectjrt:jar:1.5.4
2023-11-13 15:40:01,804 [Worker-26: reload maven project] WARN  o.e.m.c.i.embedder.EclipseLogger - The artifact aspectj:aspectjrt:jar:1.5.4 has been relocated to org.aspectj:aspectjrt:jar:1.5.4
2023-11-13 15:40:11,629 [Worker-23: reload maven project] WARN  o.e.m.c.i.embedder.EclipseLogger - The artifact aspectj:aspectjrt:jar:1.5.4 has been relocated to org.aspectj:aspectjrt:jar:1.5.4
2023-11-13 15:40:11,668 [Worker-23: reload maven project] WARN  o.e.m.c.i.embedder.EclipseLogger - The artifact aspectj:aspectjrt:jar:1.5.4 has been relocated to org.aspectj:aspectjrt:jar:1.5.4
2023-11-13 15:40:17,585 [Worker-25: reload maven project] WARN  o.e.m.c.i.embedder.EclipseLogger - The artifact aspectj:aspectjrt:jar:1.5.4 has been relocated to org.aspectj:aspectjrt:jar:1.5.4
2023-11-13 15:40:28,125 [Worker-25: reload maven project] WARN  o.e.m.c.i.embedder.EclipseLogger - The artifact aspectj:aspectjrt:jar:1.5.4 has been relocated to org.aspectj:aspectjrt:jar:1.5.4
2023-11-13 15:41:38,749 [Worker-24: reload maven project] INFO  o.e.m.c.i.e.AbstractTransferListenerAdapter - Downloading https://repo.maven.apache.org/maven2/org/apache/commons/commons-dbcp2/2.11.0/commons-dbcp2-2.11.0.pom
2023-11-13 15:41:38,861 [Worker-24: reload maven project] INFO  o.e.m.c.i.e.AbstractTransferListenerAdapter - Downloaded https://repo.maven.apache.org/maven2/org/apache/commons/commons-dbcp2/2.11.0/commons-dbcp2-2.11.0.pom
2023-11-13 15:41:38,915 [Worker-24: reload maven project] INFO  o.e.m.c.i.e.AbstractTransferListenerAdapter - Downloading https://repo.maven.apache.org/maven2/org/apache/commons/commons-parent/64/commons-parent-64.pom
2023-11-13 15:41:39,109 [Worker-24: reload maven project] INFO  o.e.m.c.i.e.AbstractTransferListenerAdapter - Downloaded https://repo.maven.apache.org/maven2/org/apache/commons/commons-parent/64/commons-parent-64.pom
2023-11-13 15:41:39,170 [Worker-24: reload maven project] INFO  o.e.m.c.i.e.AbstractTransferListenerAdapter - Downloading https://repo.maven.apache.org/maven2/org/apache/apache/30/apache-30.pom
2023-11-13 15:41:39,241 [Worker-24: reload maven project] INFO  o.e.m.c.i.e.AbstractTransferListenerAdapter - Downloaded https://repo.maven.apache.org/maven2/org/apache/apache/30/apache-30.pom
2023-11-13 15:41:39,297 [Worker-24: reload maven project] INFO  o.e.m.c.i.e.AbstractTransferListenerAdapter - Downloading https://repo.maven.apache.org/maven2/org/junit/junit-bom/5.10.0/junit-bom-5.10.0.pom
2023-11-13 15:41:39,378 [Worker-24: reload maven project] INFO  o.e.m.c.i.e.AbstractTransferListenerAdapter - Downloaded https://repo.maven.apache.org/maven2/org/junit/junit-bom/5.10.0/junit-bom-5.10.0.pom
2023-11-13 15:41:39,438 [Worker-24: reload maven project] INFO  o.e.m.c.i.e.AbstractTransferListenerAdapter - Downloading https://repo.maven.apache.org/maven2/org/apache/commons/commons-pool2/2.12.0/commons-pool2-2.12.0.pom
2023-11-13 15:41:39,516 [Worker-24: reload maven project] INFO  o.e.m.c.i.e.AbstractTransferListenerAdapter - Downloaded https://repo.maven.apache.org/maven2/org/apache/commons/commons-pool2/2.12.0/commons-pool2-2.12.0.pom
2023-11-13 15:41:39,570 [Worker-24: reload maven project] INFO  o.e.m.c.i.e.AbstractTransferListenerAdapter - Downloading https://repo.maven.apache.org/maven2/org/apache/commons/commons-parent/62/commons-parent-62.pom
2023-11-13 15:41:39,664 [Worker-24: reload maven project] INFO  o.e.m.c.i.e.AbstractTransferListenerAdapter - Downloaded https://repo.maven.apache.org/maven2/org/apache/commons/commons-parent/62/commons-parent-62.pom
2023-11-13 15:41:39,720 [Worker-24: reload maven project] INFO  o.e.m.c.i.e.AbstractTransferListenerAdapter - Downloading https://repo.maven.apache.org/maven2/commons-logging/commons-logging/1.2/commons-logging-1.2.pom
2023-11-13 15:41:39,788 [Worker-24: reload maven project] INFO  o.e.m.c.i.e.AbstractTransferListenerAdapter - Downloaded https://repo.maven.apache.org/maven2/commons-logging/commons-logging/1.2/commons-logging-1.2.pom
2023-11-13 15:41:39,837 [Worker-24: reload maven project] INFO  o.e.m.c.i.e.AbstractTransferListenerAdapter - Downloading https://repo.maven.apache.org/maven2/org/apache/commons/commons-parent/34/commons-parent-34.pom
2023-11-13 15:41:39,928 [Worker-24: reload maven project] INFO  o.e.m.c.i.e.AbstractTransferListenerAdapter - Downloaded https://repo.maven.apache.org/maven2/org/apache/commons/commons-parent/34/commons-parent-34.pom
2023-11-13 15:41:40,019 [Worker-24: reload maven project] INFO  o.e.m.c.i.e.AbstractTransferListenerAdapter - Downloading https://repo.maven.apache.org/maven2/jakarta/transaction/jakarta.transaction-api/1.3.3/jakarta.transaction-api-1.3.3.pom
2023-11-13 15:41:40,098 [Worker-24: reload maven project] INFO  o.e.m.c.i.e.AbstractTransferListenerAdapter - Downloaded https://repo.maven.apache.org/maven2/jakarta/transaction/jakarta.transaction-api/1.3.3/jakarta.transaction-api-1.3.3.pom
2023-11-13 15:41:40,176 [AetherRepositoryConnector-repo.maven.apache.org-0-2] INFO  o.e.m.c.i.e.AbstractTransferListenerAdapter - Downloading https://repo.maven.apache.org/maven2/commons-logging/commons-logging/1.2/commons-logging-1.2.jar
2023-11-13 15:41:40,200 [AetherRepositoryConnector-repo.maven.apache.org-0-0] INFO  o.e.m.c.i.e.AbstractTransferListenerAdapter - Downloading https://repo.maven.apache.org/maven2/org/apache/commons/commons-dbcp2/2.11.0/commons-dbcp2-2.11.0.jar
2023-11-13 15:41:40,269 [AetherRepositoryConnector-repo.maven.apache.org-0-3] INFO  o.e.m.c.i.e.AbstractTransferListenerAdapter - Downloading https://repo.maven.apache.org/maven2/jakarta/transaction/jakarta.transaction-api/1.3.3/jakarta.transaction-api-1.3.3.jar
2023-11-13 15:41:40,280 [AetherRepositoryConnector-repo.maven.apache.org-0-2] INFO  o.e.m.c.i.e.AbstractTransferListenerAdapter - Downloaded https://repo.maven.apache.org/maven2/commons-logging/commons-logging/1.2/commons-logging-1.2.jar
2023-11-13 15:41:40,324 [AetherRepositoryConnector-repo.maven.apache.org-0-1] INFO  o.e.m.c.i.e.AbstractTransferListenerAdapter - Downloading https://repo.maven.apache.org/maven2/org/apache/commons/commons-pool2/2.12.0/commons-pool2-2.12.0.jar
2023-11-13 15:41:40,346 [AetherRepositoryConnector-repo.maven.apache.org-0-0] INFO  o.e.m.c.i.e.AbstractTransferListenerAdapter - Downloaded https://repo.maven.apache.org/maven2/org/apache/commons/commons-dbcp2/2.11.0/commons-dbcp2-2.11.0.jar
2023-11-13 15:41:40,397 [AetherRepositoryConnector-repo.maven.apache.org-0-1] INFO  o.e.m.c.i.e.AbstractTransferListenerAdapter - Downloaded https://repo.maven.apache.org/maven2/org/apache/commons/commons-pool2/2.12.0/commons-pool2-2.12.0.jar
2023-11-13 15:41:40,497 [AetherRepositoryConnector-repo.maven.apache.org-0-3] INFO  o.e.m.c.i.e.AbstractTransferListenerAdapter - Downloaded https://repo.maven.apache.org/maven2/jakarta/transaction/jakarta.transaction-api/1.3.3/jakarta.transaction-api-1.3.3.jar
2023-11-13 15:41:53,154 [main] INFO  o.e.m2e.actions.ExecutePomAction - Creating new launch configuration
2023-11-13 15:41:56,618 [Worker-9: Launching springdatasource] INFO  o.eclipse.m2e.core.internal.Bundles - getClasspathEntries(Bundle=org.eclipse.m2e.maven.runtime_3.9.400.20230826-0755 [621])
2023-11-13 15:41:56,628 [Worker-9: Launching springdatasource] INFO  o.eclipse.m2e.core.internal.Bundles - 	Entry: C:\Users\LENOVO\.p2\pool\plugins\org.eclipse.m2e.maven.runtime_3.9.400.20230826-0755
2023-11-13 15:41:56,629 [Worker-9: Launching springdatasource] INFO  o.eclipse.m2e.core.internal.Bundles - 	Entry: C:\Users\LENOVO\.p2\pool\plugins\org.eclipse.m2e.maven.runtime_3.9.400.20230826-0755\jars\aether-connector-okhttp-0.17.8.jar
2023-11-13 15:41:56,631 [Worker-9: Launching springdatasource] INFO  o.eclipse.m2e.core.internal.Bundles - 	Entry: C:\Users\LENOVO\.p2\pool\plugins\org.eclipse.m2e.maven.runtime_3.9.400.20230826-0755\jars\aopalliance-1.0.jar
2023-11-13 15:41:56,632 [Worker-9: Launching springdatasource] INFO  o.eclipse.m2e.core.internal.Bundles - 	Entry: C:\Users\LENOVO\.p2\pool\plugins\org.eclipse.m2e.maven.runtime_3.9.400.20230826-0755\jars\commons-lang3-3.12.0.jar
2023-11-13 15:41:56,632 [Worker-9: Launching springdatasource] INFO  o.eclipse.m2e.core.internal.Bundles - 	Entry: C:\Users\LENOVO\.p2\pool\plugins\org.eclipse.m2e.maven.runtime_3.9.400.20230826-0755\jars\guice-5.1.0.jar
2023-11-13 15:41:56,632 [Worker-9: Launching springdatasource] INFO  o.eclipse.m2e.core.internal.Bundles - 	Entry: C:\Users\LENOVO\.p2\pool\plugins\org.eclipse.m2e.maven.runtime_3.9.400.20230826-0755\jars\jansi-2.4.0.jar
2023-11-13 15:41:56,632 [Worker-9: Launching springdatasource] INFO  o.eclipse.m2e.core.internal.Bundles - 	Entry: C:\Users\LENOVO\.p2\pool\plugins\org.eclipse.m2e.maven.runtime_3.9.400.20230826-0755\jars\maven-artifact-3.9.4.jar
2023-11-13 15:41:56,633 [Worker-9: Launching springdatasource] INFO  o.eclipse.m2e.core.internal.Bundles - 	Entry: C:\Users\LENOVO\.p2\pool\plugins\org.eclipse.m2e.maven.runtime_3.9.400.20230826-0755\jars\maven-builder-support-3.9.4.jar
2023-11-13 15:41:56,633 [Worker-9: Launching springdatasource] INFO  o.eclipse.m2e.core.internal.Bundles - 	Entry: C:\Users\LENOVO\.p2\pool\plugins\org.eclipse.m2e.maven.runtime_3.9.400.20230826-0755\jars\maven-compat-3.9.4.jar
2023-11-13 15:41:56,633 [Worker-9: Launching springdatasource] INFO  o.eclipse.m2e.core.internal.Bundles - 	Entry: C:\Users\LENOVO\.p2\pool\plugins\org.eclipse.m2e.maven.runtime_3.9.400.20230826-0755\jars\maven-core-3.9.4.jar
2023-11-13 15:41:56,633 [Worker-9: Launching springdatasource] INFO  o.eclipse.m2e.core.internal.Bundles - 	Entry: C:\Users\LENOVO\.p2\pool\plugins\org.eclipse.m2e.maven.runtime_3.9.400.20230826-0755\jars\maven-embedder-3.9.4.jar
2023-11-13 15:41:56,633 [Worker-9: Launching springdatasource] INFO  o.eclipse.m2e.core.internal.Bundles - 	Entry: C:\Users\LENOVO\.p2\pool\plugins\org.eclipse.m2e.maven.runtime_3.9.400.20230826-0755\jars\maven-model-3.9.4.jar
2023-11-13 15:41:56,633 [Worker-9: Launching springdatasource] INFO  o.eclipse.m2e.core.internal.Bundles - 	Entry: C:\Users\LENOVO\.p2\pool\plugins\org.eclipse.m2e.maven.runtime_3.9.400.20230826-0755\jars\maven-model-builder-3.9.4.jar
2023-11-13 15:41:56,634 [Worker-9: Launching springdatasource] INFO  o.eclipse.m2e.core.internal.Bundles - 	Entry: C:\Users\LENOVO\.p2\pool\plugins\org.eclipse.m2e.maven.runtime_3.9.400.20230826-0755\jars\maven-plugin-api-3.9.4.jar
2023-11-13 15:41:56,634 [Worker-9: Launching springdatasource] INFO  o.eclipse.m2e.core.internal.Bundles - 	Entry: C:\Users\LENOVO\.p2\pool\plugins\org.eclipse.m2e.maven.runtime_3.9.400.20230826-0755\jars\maven-repository-metadata-3.9.4.jar
2023-11-13 15:41:56,634 [Worker-9: Launching springdatasource] INFO  o.eclipse.m2e.core.internal.Bundles - 	Entry: C:\Users\LENOVO\.p2\pool\plugins\org.eclipse.m2e.maven.runtime_3.9.400.20230826-0755\jars\maven-resolver-api-1.9.14.jar
2023-11-13 15:41:56,634 [Worker-9: Launching springdatasource] INFO  o.eclipse.m2e.core.internal.Bundles - 	Entry: C:\Users\LENOVO\.p2\pool\plugins\org.eclipse.m2e.maven.runtime_3.9.400.20230826-0755\jars\maven-resolver-connector-basic-1.9.14.jar
2023-11-13 15:41:56,634 [Worker-9: Launching springdatasource] INFO  o.eclipse.m2e.core.internal.Bundles - 	Entry: C:\Users\LENOVO\.p2\pool\plugins\org.eclipse.m2e.maven.runtime_3.9.400.20230826-0755\jars\maven-resolver-impl-1.9.14.jar
2023-11-13 15:41:56,634 [Worker-9: Launching springdatasource] INFO  o.eclipse.m2e.core.internal.Bundles - 	Entry: C:\Users\LENOVO\.p2\pool\plugins\org.eclipse.m2e.maven.runtime_3.9.400.20230826-0755\jars\maven-resolver-named-locks-1.9.14.jar
2023-11-13 15:41:56,634 [Worker-9: Launching springdatasource] INFO  o.eclipse.m2e.core.internal.Bundles - 	Entry: C:\Users\LENOVO\.p2\pool\plugins\org.eclipse.m2e.maven.runtime_3.9.400.20230826-0755\jars\maven-resolver-provider-3.9.4.jar
2023-11-13 15:41:56,635 [Worker-9: Launching springdatasource] INFO  o.eclipse.m2e.core.internal.Bundles - 	Entry: C:\Users\LENOVO\.p2\pool\plugins\org.eclipse.m2e.maven.runtime_3.9.400.20230826-0755\jars\maven-resolver-spi-1.9.14.jar
2023-11-13 15:41:56,635 [Worker-9: Launching springdatasource] INFO  o.eclipse.m2e.core.internal.Bundles - 	Entry: C:\Users\LENOVO\.p2\pool\plugins\org.eclipse.m2e.maven.runtime_3.9.400.20230826-0755\jars\maven-resolver-transport-wagon-1.9.14.jar
2023-11-13 15:41:56,635 [Worker-9: Launching springdatasource] INFO  o.eclipse.m2e.core.internal.Bundles - 	Entry: C:\Users\LENOVO\.p2\pool\plugins\org.eclipse.m2e.maven.runtime_3.9.400.20230826-0755\jars\maven-resolver-util-1.9.14.jar
2023-11-13 15:41:56,635 [Worker-9: Launching springdatasource] INFO  o.eclipse.m2e.core.internal.Bundles - 	Entry: C:\Users\LENOVO\.p2\pool\plugins\org.eclipse.m2e.maven.runtime_3.9.400.20230826-0755\jars\maven-settings-3.9.4.jar
2023-11-13 15:41:56,635 [Worker-9: Launching springdatasource] INFO  o.eclipse.m2e.core.internal.Bundles - 	Entry: C:\Users\LENOVO\.p2\pool\plugins\org.eclipse.m2e.maven.runtime_3.9.400.20230826-0755\jars\maven-settings-builder-3.9.4.jar
2023-11-13 15:41:56,635 [Worker-9: Launching springdatasource] INFO  o.eclipse.m2e.core.internal.Bundles - 	Entry: C:\Users\LENOVO\.p2\pool\plugins\org.eclipse.m2e.maven.runtime_3.9.400.20230826-0755\jars\maven-shared-utils-3.3.4.jar
2023-11-13 15:41:56,636 [Worker-9: Launching springdatasource] INFO  o.eclipse.m2e.core.internal.Bundles - 	Entry: C:\Users\LENOVO\.p2\pool\plugins\org.eclipse.m2e.maven.runtime_3.9.400.20230826-0755\jars\okhttp-3.14.1.jar
2023-11-13 15:41:56,636 [Worker-9: Launching springdatasource] INFO  o.eclipse.m2e.core.internal.Bundles - 	Entry: C:\Users\LENOVO\.p2\pool\plugins\org.eclipse.m2e.maven.runtime_3.9.400.20230826-0755\jars\okio-1.17.3.jar
2023-11-13 15:41:56,637 [Worker-9: Launching springdatasource] INFO  o.eclipse.m2e.core.internal.Bundles - 	Entry: C:\Users\LENOVO\.p2\pool\plugins\org.eclipse.m2e.maven.runtime_3.9.400.20230826-0755\jars\org.eclipse.sisu.inject-0.3.5.jar
2023-11-13 15:41:56,638 [Worker-9: Launching springdatasource] INFO  o.eclipse.m2e.core.internal.Bundles - 	Entry: C:\Users\LENOVO\.p2\pool\plugins\org.eclipse.m2e.maven.runtime_3.9.400.20230826-0755\jars\org.eclipse.sisu.plexus-0.3.5.jar
2023-11-13 15:41:56,638 [Worker-9: Launching springdatasource] INFO  o.eclipse.m2e.core.internal.Bundles - 	Entry: C:\Users\LENOVO\.p2\pool\plugins\org.eclipse.m2e.maven.runtime_3.9.400.20230826-0755\jars\plexus-build-api-0.0.7.jar
2023-11-13 15:41:56,638 [Worker-9: Launching springdatasource] INFO  o.eclipse.m2e.core.internal.Bundles - 	Entry: C:\Users\LENOVO\.p2\pool\plugins\org.eclipse.m2e.maven.runtime_3.9.400.20230826-0755\jars\plexus-cipher-2.0.jar
2023-11-13 15:41:56,639 [Worker-9: Launching springdatasource] INFO  o.eclipse.m2e.core.internal.Bundles - 	Entry: C:\Users\LENOVO\.p2\pool\plugins\org.eclipse.m2e.maven.runtime_3.9.400.20230826-0755\jars\plexus-classworlds-2.7.0.jar
2023-11-13 15:41:56,639 [Worker-9: Launching springdatasource] INFO  o.eclipse.m2e.core.internal.Bundles - 	Entry: C:\Users\LENOVO\.p2\pool\plugins\org.eclipse.m2e.maven.runtime_3.9.400.20230826-0755\jars\plexus-component-annotations-2.1.0.jar
2023-11-13 15:41:56,640 [Worker-9: Launching springdatasource] INFO  o.eclipse.m2e.core.internal.Bundles - 	Entry: C:\Users\LENOVO\.p2\pool\plugins\org.eclipse.m2e.maven.runtime_3.9.400.20230826-0755\jars\plexus-interpolation-1.26.jar
2023-11-13 15:41:56,640 [Worker-9: Launching springdatasource] INFO  o.eclipse.m2e.core.internal.Bundles - 	Entry: C:\Users\LENOVO\.p2\pool\plugins\org.eclipse.m2e.maven.runtime_3.9.400.20230826-0755\jars\plexus-sec-dispatcher-2.0.jar
2023-11-13 15:41:56,640 [Worker-9: Launching springdatasource] INFO  o.eclipse.m2e.core.internal.Bundles - 	Entry: C:\Users\LENOVO\.p2\pool\plugins\org.eclipse.m2e.maven.runtime_3.9.400.20230826-0755\jars\plexus-utils-3.5.1.jar
2023-11-13 15:41:56,640 [Worker-9: Launching springdatasource] INFO  o.eclipse.m2e.core.internal.Bundles - 	Entry: C:\Users\LENOVO\.p2\pool\plugins\org.eclipse.m2e.maven.runtime_3.9.400.20230826-0755\jars\wagon-file-3.5.3.jar
2023-11-13 15:41:56,641 [Worker-9: Launching springdatasource] INFO  o.eclipse.m2e.core.internal.Bundles - 	Entry: C:\Users\LENOVO\.p2\pool\plugins\org.eclipse.m2e.maven.runtime_3.9.400.20230826-0755\jars\wagon-provider-api-3.5.3.jar
2023-11-13 15:41:56,643 [Worker-9: Launching springdatasource] INFO  o.eclipse.m2e.core.internal.Bundles - getClasspathEntries(Bundle=com.google.guava_32.1.2.jre [12])
2023-11-13 15:41:56,643 [Worker-9: Launching springdatasource] INFO  o.eclipse.m2e.core.internal.Bundles - 	Entry: C:\Users\LENOVO\.p2\pool\plugins\com.google.guava_32.1.2.jre.jar
2023-11-13 15:41:56,643 [Worker-9: Launching springdatasource] INFO  o.eclipse.m2e.core.internal.Bundles - getClasspathEntries(Bundle=slf4j.api_2.0.9 [982])
2023-11-13 15:41:56,644 [Worker-9: Launching springdatasource] INFO  o.eclipse.m2e.core.internal.Bundles - 	Entry: C:\Users\LENOVO\.p2\pool\plugins\slf4j.api_2.0.9.jar
2023-11-13 15:41:56,646 [Worker-9: Launching springdatasource] INFO  o.eclipse.m2e.core.internal.Bundles - getClasspathEntries(Bundle=javax.inject_1.0.0.v20220405-0441 [38])
2023-11-13 15:41:56,646 [Worker-9: Launching springdatasource] INFO  o.eclipse.m2e.core.internal.Bundles - 	Entry: C:\Users\LENOVO\.p2\pool\plugins\javax.inject_1.0.0.v20220405-0441.jar
2023-11-13 15:41:56,646 [Worker-9: Launching springdatasource] INFO  o.eclipse.m2e.core.internal.Bundles - getClasspathEntries(Bundle=javax.annotation_1.3.5.v20200909-1856 [36])
2023-11-13 15:41:56,647 [Worker-9: Launching springdatasource] INFO  o.eclipse.m2e.core.internal.Bundles - 	Entry: C:\Users\LENOVO\.p2\pool\plugins\javax.annotation_1.3.5.v20200909-1856.jar
2023-11-13 15:41:56,647 [Worker-9: Launching springdatasource] INFO  o.eclipse.m2e.core.internal.Bundles - getClasspathEntries(Bundle=org.apache.commons.cli_1.5.0 [73])
2023-11-13 15:41:56,648 [Worker-9: Launching springdatasource] INFO  o.eclipse.m2e.core.internal.Bundles - 	Entry: C:\Users\LENOVO\.p2\pool\plugins\org.apache.commons.cli_1.5.0.jar
2023-11-13 15:41:56,648 [Worker-9: Launching springdatasource] INFO  o.eclipse.m2e.core.internal.Bundles - getClasspathEntries(Bundle=com.google.guava.failureaccess_1.0.1 [14])
2023-11-13 15:41:56,649 [Worker-9: Launching springdatasource] INFO  o.eclipse.m2e.core.internal.Bundles - 	Entry: C:\Users\LENOVO\.p2\pool\plugins\com.google.guava.failureaccess_1.0.1.jar
2023-11-13 15:41:56,654 [Worker-9: Launching springdatasource] INFO  o.e.m.i.launch.MavenLaunchDelegate - Run build in "F:\learning_workspace\git_test\springdatasource":
2023-11-13 15:41:56,655 [Worker-9: Launching springdatasource] INFO  o.e.m.i.launch.MavenLaunchDelegate -  mvn  -B -Dstyle.color=always 
2023-11-13 15:42:20,612 [Worker-25: Updating Maven Project] INFO  o.e.m.c.i.p.ProjectConfigurationManager - Update started
2023-11-13 15:42:24,226 [Worker-25: Updating Maven Project] INFO  o.e.m.c.i.l.LifecycleMappingFactory - Using org.eclipse.m2e.jdt.JarLifecycleMapping lifecycle mapping for MavenProject: org.kaunghtetaung:springaop:0.0.1-SNAPSHOT @ F:\learning_workspace\git_test\springaop_proj\pom.xml.
2023-11-13 15:42:24,256 [Worker-25: Updating Maven Project] WARN  o.e.m.c.i.embedder.EclipseLogger - The artifact aspectj:aspectjrt:jar:1.5.4 has been relocated to org.aspectj:aspectjrt:jar:1.5.4
2023-11-13 15:42:25,224 [Worker-25: Updating Maven Project] INFO  o.e.m.j.i.AbstractJavaProjectConfigurator - Adding source folder /springaop_proj/src/main/java
2023-11-13 15:42:25,225 [Worker-25: Updating Maven Project] INFO  o.e.m.j.i.AbstractJavaProjectConfigurator - Adding resource folder /springaop_proj/src/main/resources
2023-11-13 15:42:25,226 [Worker-25: Updating Maven Project] INFO  o.e.m.j.i.AbstractJavaProjectConfigurator - Adding source folder /springaop_proj/src/test/java
2023-11-13 15:42:25,226 [Worker-25: Updating Maven Project] INFO  o.e.m.j.i.AbstractJavaProjectConfigurator - Adding resource folder /springaop_proj/src/test/resources
2023-11-13 15:42:25,400 [Worker-25: Updating Maven Project] INFO  o.e.m.c.i.p.ProjectConfigurationManager - Update completed for 1 poms: local refresh takes 0.00 sec, refresh facades takes 3.00 sec, update config takes 0.00 sec 
2023-11-13 15:42:25,739 [Worker-24: Building] INFO  o.e.m.c.i.embedder.EclipseLogger - Using 'UTF-8' encoding to copy filtered resources.
2023-11-13 15:42:25,741 [Worker-24: Building] INFO  o.e.m.c.i.embedder.EclipseLogger - skip non existing resourceDirectory F:\learning_workspace\git_test\springaop_proj\src\main\resources
2023-11-13 15:42:25,744 [Worker-24: Building] INFO  o.e.m.c.i.embedder.EclipseLogger - Using 'UTF-8' encoding to copy filtered resources.
2023-11-13 15:42:25,745 [Worker-24: Building] INFO  o.e.m.c.i.embedder.EclipseLogger - skip non existing resourceDirectory F:\learning_workspace\git_test\springaop_proj\src\test\resources
2023-11-13 15:45:36,321 [Worker-23: Building] INFO  o.e.m.c.i.l.LifecycleMappingFactory - Using org.eclipse.m2e.jdt.JarLifecycleMapping lifecycle mapping for MavenProject: org.kaunghtetaung:springdatasource:0.0.1-SNAPSHOT @ F:\learning_workspace\git_test\springdatasource\pom.xml.
2023-11-13 15:45:36,340 [Worker-23: Building] WARN  o.e.m.c.i.embedder.EclipseLogger - The artifact aspectj:aspectjrt:jar:1.5.4 has been relocated to org.aspectj:aspectjrt:jar:1.5.4
2023-11-13 15:45:36,381 [Worker-23: Building] INFO  o.e.m.c.i.embedder.EclipseLogger - Using 'UTF-8' encoding to copy filtered resources.
2023-11-13 15:45:36,381 [Worker-23: Building] INFO  o.e.m.c.i.embedder.EclipseLogger - skip non existing resourceDirectory F:\learning_workspace\git_test\springdatasource\src\main\resources
2023-11-13 15:45:36,382 [Worker-23: Building] INFO  o.e.m.c.i.embedder.EclipseLogger - Using 'UTF-8' encoding to copy filtered resources.
2023-11-13 15:45:36,382 [Worker-23: Building] INFO  o.e.m.c.i.embedder.EclipseLogger - skip non existing resourceDirectory F:\learning_workspace\git_test\springdatasource\src\test\resources
2023-11-13 15:45:44,706 [Worker-9: Updating Maven Project] INFO  o.e.m.c.i.p.ProjectConfigurationManager - Update started
2023-11-13 15:45:44,739 [Worker-9: Updating Maven Project] INFO  o.e.m.c.i.l.LifecycleMappingFactory - Using org.eclipse.m2e.jdt.JarLifecycleMapping lifecycle mapping for MavenProject: org.kaunghtetaung:springdatasource:0.0.1-SNAPSHOT @ F:\learning_workspace\git_test\springdatasource\pom.xml.
2023-11-13 15:45:44,876 [Worker-9: Updating Maven Project] INFO  o.e.m.j.i.AbstractJavaProjectConfigurator - Not adding source folder /springdatasource/src/main/java because it overlaps with /springdatasource/src
2023-11-13 15:45:44,876 [Worker-9: Updating Maven Project] INFO  o.e.m.j.i.AbstractJavaProjectConfigurator - Adding resource folder /springdatasource/src/main/resources
2023-11-13 15:45:44,878 [Worker-9: Updating Maven Project] INFO  o.e.m.j.i.AbstractJavaProjectConfigurator - Not adding source folder /springdatasource/src/test/java because it overlaps with /springdatasource/src
2023-11-13 15:45:44,878 [Worker-9: Updating Maven Project] INFO  o.e.m.j.i.AbstractJavaProjectConfigurator - Adding resource folder /springdatasource/src/test/resources
2023-11-13 15:45:44,879 [Worker-9: Updating Maven Project] INFO  o.e.m.c.i.p.ProjectConfigurationManager - Update completed for 1 poms: local refresh takes 0.00 sec, refresh facades takes 0.00 sec, update config takes 0.00 sec 
2023-11-13 15:45:45,162 [Worker-27: Building] INFO  o.e.m.c.i.embedder.EclipseLogger - Using 'UTF-8' encoding to copy filtered resources.
2023-11-13 15:45:45,162 [Worker-27: Building] INFO  o.e.m.c.i.embedder.EclipseLogger - skip non existing resourceDirectory F:\learning_workspace\git_test\springdatasource\src\main\resources
2023-11-13 15:45:45,165 [Worker-27: Building] INFO  o.e.m.c.i.embedder.EclipseLogger - Using 'UTF-8' encoding to copy filtered resources.
2023-11-13 15:45:45,165 [Worker-27: Building] INFO  o.e.m.c.i.embedder.EclipseLogger - skip non existing resourceDirectory F:\learning_workspace\git_test\springdatasource\src\test\resources
2023-11-13 15:45:46,206 [Worker-27: Download sources and javadoc] INFO  o.e.m.c.i.e.AbstractTransferListenerAdapter - Downloading https://repo.maven.apache.org/maven2/org/apache/commons/commons-dbcp2/2.11.0/commons-dbcp2-2.11.0-sources.jar
2023-11-13 15:45:46,366 [Worker-27: Download sources and javadoc] INFO  o.e.m.c.i.e.AbstractTransferListenerAdapter - Downloaded https://repo.maven.apache.org/maven2/org/apache/commons/commons-dbcp2/2.11.0/commons-dbcp2-2.11.0-sources.jar
2023-11-13 15:45:46,369 [Worker-27: Download sources and javadoc] INFO  o.e.m.j.internal.DownloadSourcesJob - Downloaded sources for org.apache.commons:commons-dbcp2:2.11.0
2023-11-13 15:45:46,596 [Worker-27: Download sources and javadoc] INFO  o.e.m.c.i.e.AbstractTransferListenerAdapter - Downloading https://repo.maven.apache.org/maven2/org/apache/commons/commons-pool2/2.12.0/commons-pool2-2.12.0-sources.jar
2023-11-13 15:45:46,757 [Worker-27: Download sources and javadoc] INFO  o.e.m.c.i.e.AbstractTransferListenerAdapter - Downloaded https://repo.maven.apache.org/maven2/org/apache/commons/commons-pool2/2.12.0/commons-pool2-2.12.0-sources.jar
2023-11-13 15:45:46,759 [Worker-27: Download sources and javadoc] INFO  o.e.m.j.internal.DownloadSourcesJob - Downloaded sources for org.apache.commons:commons-pool2:2.12.0
2023-11-13 15:45:46,955 [Worker-27: Download sources and javadoc] INFO  o.e.m.c.i.e.AbstractTransferListenerAdapter - Downloading https://repo.maven.apache.org/maven2/commons-logging/commons-logging/1.2/commons-logging-1.2-sources.jar
2023-11-13 15:45:47,073 [Worker-27: Download sources and javadoc] INFO  o.e.m.c.i.e.AbstractTransferListenerAdapter - Downloaded https://repo.maven.apache.org/maven2/commons-logging/commons-logging/1.2/commons-logging-1.2-sources.jar
2023-11-13 15:45:47,075 [Worker-27: Download sources and javadoc] INFO  o.e.m.j.internal.DownloadSourcesJob - Downloaded sources for commons-logging:commons-logging:1.2
2023-11-13 15:45:47,261 [Worker-27: Download sources and javadoc] INFO  o.e.m.c.i.e.AbstractTransferListenerAdapter - Downloading https://repo.maven.apache.org/maven2/jakarta/transaction/jakarta.transaction-api/1.3.3/jakarta.transaction-api-1.3.3-sources.jar
2023-11-13 15:45:47,413 [Worker-27: Download sources and javadoc] INFO  o.e.m.c.i.e.AbstractTransferListenerAdapter - Downloaded https://repo.maven.apache.org/maven2/jakarta/transaction/jakarta.transaction-api/1.3.3/jakarta.transaction-api-1.3.3-sources.jar
2023-11-13 15:45:47,416 [Worker-27: Download sources and javadoc] INFO  o.e.m.j.internal.DownloadSourcesJob - Downloaded sources for jakarta.transaction:jakarta.transaction-api:1.3.3
2023-11-13 15:57:53,194 [Worker-4: Loading available Gradle versions] INFO  o.e.b.c.i.u.g.PublishedGradleVersions - Gradle version information cache is up-to-date. Trying to read.
2023-11-13 16:10:50,953 [Worker-2: Loading available Gradle versions] INFO  o.e.b.c.i.u.g.PublishedGradleVersions - Gradle version information cache is up-to-date. Trying to read.
2023-11-13 17:09:27,016 [Worker-4: Loading available Gradle versions] INFO  o.e.b.c.i.u.g.PublishedGradleVersions - Gradle version information cache is up-to-date. Trying to read.
2023-11-13 17:10:39,487 [Worker-0: Building Workspace] INFO  o.e.m.c.i.l.LifecycleMappingFactory - Using org.eclipse.m2e.jdt.JarLifecycleMapping lifecycle mapping for MavenProject: org.kaunghtetaung:springaop:0.0.1-SNAPSHOT @ F:\learning_workspace\spring_learning\spring_aop\pom.xml.
2023-11-13 17:10:39,686 [Worker-0: Building Workspace] WARN  o.e.m.c.i.embedder.EclipseLogger - The artifact aspectj:aspectjrt:jar:1.5.4 has been relocated to org.aspectj:aspectjrt:jar:1.5.4
2023-11-13 17:10:40,986 [Worker-0: Building Workspace] INFO  o.e.m.c.i.embedder.EclipseLogger - Using 'UTF-8' encoding to copy filtered resources.
2023-11-13 17:10:40,986 [Worker-0: Building Workspace] INFO  o.e.m.c.i.embedder.EclipseLogger - skip non existing resourceDirectory F:\learning_workspace\spring_learning\spring_aop\src\main\resources
2023-11-13 17:10:40,989 [Worker-0: Building Workspace] INFO  o.e.m.c.i.embedder.EclipseLogger - Using 'UTF-8' encoding to copy filtered resources.
2023-11-13 17:10:40,989 [Worker-0: Building Workspace] INFO  o.e.m.c.i.embedder.EclipseLogger - skip non existing resourceDirectory F:\learning_workspace\spring_learning\spring_aop\src\test\resources
2023-11-13 17:14:06,406 [Worker-3: Updating Maven Project] INFO  o.e.m.c.i.p.ProjectConfigurationManager - Update started
2023-11-13 17:14:06,682 [Worker-3: Updating Maven Project] INFO  o.e.m.c.i.l.LifecycleMappingFactory - Using org.eclipse.m2e.jdt.JarLifecycleMapping lifecycle mapping for MavenProject: org.kaunghtetaung:springaop:0.0.1-SNAPSHOT @ F:\learning_workspace\spring_learning\spring_aop\pom.xml.
2023-11-13 17:14:06,712 [Worker-3: Updating Maven Project] WARN  o.e.m.c.i.embedder.EclipseLogger - The artifact aspectj:aspectjrt:jar:1.5.4 has been relocated to org.aspectj:aspectjrt:jar:1.5.4
2023-11-13 17:14:06,831 [Worker-3: Updating Maven Project] INFO  o.e.m.j.i.AbstractJavaProjectConfigurator - Adding source folder /spring_aop/src/main/java
2023-11-13 17:14:06,831 [Worker-3: Updating Maven Project] INFO  o.e.m.j.i.AbstractJavaProjectConfigurator - Adding resource folder /spring_aop/src/main/resources
2023-11-13 17:14:06,832 [Worker-3: Updating Maven Project] INFO  o.e.m.j.i.AbstractJavaProjectConfigurator - Adding source folder /spring_aop/src/test/java
2023-11-13 17:14:06,832 [Worker-3: Updating Maven Project] INFO  o.e.m.j.i.AbstractJavaProjectConfigurator - Adding resource folder /spring_aop/src/test/resources
2023-11-13 17:14:06,923 [Worker-3: Updating Maven Project] INFO  o.e.m.c.i.p.ProjectConfigurationManager - Update completed for 1 poms: local refresh takes 0.00 sec, refresh facades takes 0.00 sec, update config takes 0.00 sec 
2023-11-13 17:14:36,724 [Worker-17: Building Workspace] INFO  o.e.m.c.i.embedder.EclipseLogger - Using 'UTF-8' encoding to copy filtered resources.
2023-11-13 17:14:36,724 [Worker-17: Building Workspace] INFO  o.e.m.c.i.embedder.EclipseLogger - skip non existing resourceDirectory F:\learning_workspace\spring_learning\spring_aop\src\main\resources
2023-11-13 17:14:36,728 [Worker-17: Building Workspace] INFO  o.e.m.c.i.embedder.EclipseLogger - Using 'UTF-8' encoding to copy filtered resources.
2023-11-13 17:14:36,728 [Worker-17: Building Workspace] INFO  o.e.m.c.i.embedder.EclipseLogger - skip non existing resourceDirectory F:\learning_workspace\spring_learning\spring_aop\src\test\resources
2023-11-13 17:40:14,024 [Worker-3: Loading available Gradle versions] INFO  o.e.b.c.i.u.g.PublishedGradleVersions - Gradle version information cache is up-to-date. Trying to read.
2023-11-14 10:49:22,793 [Worker-2: Loading available Gradle versions] INFO  o.e.b.c.i.u.g.PublishedGradleVersions - Gradle version information cache is up-to-date. Trying to read.
2023-11-14 14:31:32,265 [Worker-45: Cleaning all projects] WARN  o.e.m.c.i.embedder.EclipseLogger - The artifact aspectj:aspectjrt:jar:1.5.4 has been relocated to org.aspectj:aspectjrt:jar:1.5.4
2023-11-14 14:31:35,218 [Worker-51: Building Workspace] INFO  o.e.m.c.i.embedder.EclipseLogger - Using 'UTF-8' encoding to copy filtered resources.
2023-11-14 14:31:35,218 [Worker-51: Building Workspace] INFO  o.e.m.c.i.embedder.EclipseLogger - skip non existing resourceDirectory F:\learning_workspace\spring_learning\spring_aop\src\main\resources
2023-11-14 14:31:35,221 [Worker-51: Building Workspace] INFO  o.e.m.c.i.embedder.EclipseLogger - Using 'UTF-8' encoding to copy filtered resources.
2023-11-14 14:31:35,221 [Worker-51: Building Workspace] INFO  o.e.m.c.i.embedder.EclipseLogger - skip non existing resourceDirectory F:\learning_workspace\spring_learning\spring_aop\src\test\resources
2023-11-14 14:32:59,553 [Worker-51: Building Workspace] INFO  o.e.m.c.i.embedder.EclipseLogger - Using 'UTF-8' encoding to copy filtered resources.
2023-11-14 14:32:59,553 [Worker-51: Building Workspace] INFO  o.e.m.c.i.embedder.EclipseLogger - skip non existing resourceDirectory F:\learning_workspace\spring_learning\spring_aop\src\main\resources
2023-11-14 14:32:59,556 [Worker-51: Building Workspace] INFO  o.e.m.c.i.embedder.EclipseLogger - Using 'UTF-8' encoding to copy filtered resources.
2023-11-14 14:32:59,556 [Worker-51: Building Workspace] INFO  o.e.m.c.i.embedder.EclipseLogger - skip non existing resourceDirectory F:\learning_workspace\spring_learning\spring_aop\src\test\resources
2023-11-17 17:27:10,333 [Worker-3: Loading available Gradle versions] INFO  o.e.b.c.i.u.g.PublishedGradleVersions - Gradle version information cache is out-of-date. Trying to update.
